
An error occurred while loading ./spec/models/book_spec.rb.
Hint: Install the `did_you_mean` gem in order to provide suggestions for similarly named files.
[31mFailure/Error:[0m
[31m  config.mock_with :rspec do |mocks|[0m
[31m    # Prevents you from mocking or stubbing a method that does not exist on[0m
[31m    # a real object. This is generally recommended, and will default to[0m
[31m    # `true` in RSpec 4.[0m
[31m    mocks.verify_partial_doubles = true[0m
[31m  end[0m
[31m[0m
[31mLoadError:[0m
[31m  cannot load such file -- rspec/mocks[0m
[36m# ./spec/spec_helper.rb:42:in `block in <top (required)>'[0m
[36m# ./spec/spec_helper.rb:17:in `<top (required)>'[0m
[36m# ./spec/rails_helper.rb:2:in `require'[0m
[36m# ./spec/rails_helper.rb:2:in `<top (required)>'[0m
[36m# ./spec/models/book_spec.rb:1:in `require'[0m
[36m# ./spec/models/book_spec.rb:1:in `<top (required)>'[0m

An error occurred while loading ./spec/models/user_spec.rb.
Hint: Install the `did_you_mean` gem in order to provide suggestions for similarly named files.
[31mFailure/Error:[0m
[31m  config.mock_with :rspec do |mocks|[0m
[31m    # Prevents you from mocking or stubbing a method that does not exist on[0m
[31m    # a real object. This is generally recommended, and will default to[0m
[31m    # `true` in RSpec 4.[0m
[31m    mocks.verify_partial_doubles = true[0m
[31m  end[0m
[31m[0m
[31mLoadError:[0m
[31m  cannot load such file -- rspec/mocks[0m
[36m# ./spec/spec_helper.rb:42:in `block in <top (required)>'[0m
[36m# ./spec/spec_helper.rb:17:in `<top (required)>'[0m
[36m# ./spec/rails_helper.rb:2:in `require'[0m
[36m# ./spec/rails_helper.rb:2:in `<top (required)>'[0m
[36m# ./spec/models/user_spec.rb:1:in `require'[0m
[36m# ./spec/models/user_spec.rb:1:in `<top (required)>'[0m

An error occurred while loading ./spec/system/01_before_login_spec.rb.
Hint: Install the `did_you_mean` gem in order to provide suggestions for similarly named files.
[31mFailure/Error:[0m
[31m  config.mock_with :rspec do |mocks|[0m
[31m    # Prevents you from mocking or stubbing a method that does not exist on[0m
[31m    # a real object. This is generally recommended, and will default to[0m
[31m    # `true` in RSpec 4.[0m
[31m    mocks.verify_partial_doubles = true[0m
[31m  end[0m
[31m[0m
[31mLoadError:[0m
[31m  cannot load such file -- rspec/mocks[0m
[36m# ./spec/spec_helper.rb:42:in `block in <top (required)>'[0m
[36m# ./spec/spec_helper.rb:17:in `<top (required)>'[0m
[36m# ./spec/rails_helper.rb:2:in `require'[0m
[36m# ./spec/rails_helper.rb:2:in `<top (required)>'[0m
[36m# ./spec/system/01_before_login_spec.rb:1:in `require'[0m
[36m# ./spec/system/01_before_login_spec.rb:1:in `<top (required)>'[0m

An error occurred while loading ./spec/system/02_after_login_spec.rb.
Hint: Install the `did_you_mean` gem in order to provide suggestions for similarly named files.
[31mFailure/Error:[0m
[31m  config.mock_with :rspec do |mocks|[0m
[31m    # Prevents you from mocking or stubbing a method that does not exist on[0m
[31m    # a real object. This is generally recommended, and will default to[0m
[31m    # `true` in RSpec 4.[0m
[31m    mocks.verify_partial_doubles = true[0m
[31m  end[0m
[31m[0m
[31mLoadError:[0m
[31m  cannot load such file -- rspec/mocks[0m
[36m# ./spec/spec_helper.rb:42:in `block in <top (required)>'[0m
[36m# ./spec/spec_helper.rb:17:in `<top (required)>'[0m
[36m# ./spec/rails_helper.rb:2:in `require'[0m
[36m# ./spec/rails_helper.rb:2:in `<top (required)>'[0m
[36m# ./spec/system/02_after_login_spec.rb:1:in `require'[0m
[36m# ./spec/system/02_after_login_spec.rb:1:in `<top (required)>'[0m

An error occurred while loading ./spec/system/03_finishing_touches_spec.rb.
Hint: Install the `did_you_mean` gem in order to provide suggestions for similarly named files.
[31mFailure/Error:[0m
[31m  config.mock_with :rspec do |mocks|[0m
[31m    # Prevents you from mocking or stubbing a method that does not exist on[0m
[31m    # a real object. This is generally recommended, and will default to[0m
[31m    # `true` in RSpec 4.[0m
[31m    mocks.verify_partial_doubles = true[0m
[31m  end[0m
[31m[0m
[31mLoadError:[0m
[31m  cannot load such file -- rspec/mocks[0m
[36m# ./spec/spec_helper.rb:42:in `block in <top (required)>'[0m
[36m# ./spec/spec_helper.rb:17:in `<top (required)>'[0m
[36m# ./spec/rails_helper.rb:2:in `require'[0m
[36m# ./spec/rails_helper.rb:2:in `<top (required)>'[0m
[36m# ./spec/system/03_finishing_touches_spec.rb:1:in `require'[0m
[36m# ./spec/system/03_finishing_touches_spec.rb:1:in `<top (required)>'[0m
No examples found.

Finished in 0.00003 seconds (files took 0.3794 seconds to load)
[31m0 examples, 0 failures, 5 errors occurred outside of examples[0m

